<?xml version="1.0" encoding="UTF-8"?>
<!-- Generated by org.testng.reporters.JUnitReportReporter -->
<testsuite hostname="DESKTOP-1J6Q2U8" failures="0" tests="2" name="Testcase24" time="0.007" errors="0" timestamp="2025-05-23T12:21:22 IST" skipped="0">
  <testcase classname="Testcase24" name="getrequest1" time="0.006"/>
  <testcase classname="Testcase24" name="getrequest2" time="0.001"/>
</testsuite> <!-- Testcase24 -->
