<?xml version="1.0" encoding="UTF-8"?>
<!-- Generated by org.testng.reporters.JUnitReportReporter -->
<testsuite hostname="DESKTOP-1J6Q2U8" failures="0" tests="2" name="TestNG_Annotations_2" time="0.005" errors="0" timestamp="2025-05-23T14:24:45 IST" skipped="0">
  <testcase classname="TestNG_Annotations_2" name="getrequest2" time="0.002"/>
  <testcase classname="TestNG_Annotations_2" name="getrequest1" time="0.003"/>
</testsuite> <!-- TestNG_Annotations_2 -->
