<?xml version="1.0" encoding="UTF-8"?>
<!-- Generated by org.testng.reporters.JUnitReportReporter -->
<testsuite hostname="DESKTOP-1J6Q2U8" failures="0" tests="2" name="TestNG_parametergooglesearch" time="12.238" errors="0" timestamp="2025-05-23T17:06:32 IST" skipped="0">
  <testcase classname="TestNG_parametergooglesearch" name="googlesearch" time="7.582"/>
  <testcase classname="TestNG_parametergooglesearch" name="googlesearch" time="4.656"/>
</testsuite> <!-- TestNG_parametergooglesearch -->
