<?xml version="1.0" encoding="UTF-8"?>
<!-- Generated by org.testng.reporters.JUnitReportReporter -->
<testsuite hostname="DESKTOP-1J6Q2U8" failures="0" tests="3" name="TestNG_Annotation_7_data_provider" time="38.708" errors="0" timestamp="2025-05-23T17:47:40 IST" skipped="0">
  <testcase classname="TestNG_Annotation_7_data_provider" name="Dataprovidergooglesearch" time="12.053"/>
  <testcase classname="TestNG_Annotation_7_data_provider" name="Dataprovidergooglesearch" time="12.717"/>
  <testcase classname="TestNG_Annotation_7_data_provider" name="Dataprovidergooglesearch" time="13.938"/>
</testsuite> <!-- TestNG_Annotation_7_data_provider -->
