<?xml version="1.0" encoding="UTF-8"?>
<!-- Generated by org.testng.reporters.JUnitReportReporter -->
<testsuite hostname="DESKTOP-1J6Q2U8" failures="0" tests="1" name="TestNG_Annotations_4_Parameter_Project_1" time="0.007" errors="0" timestamp="2025-05-23T16:41:19 IST" skipped="0">
  <testcase classname="TestNG_Annotations_4_Parameter_Project_1" name="automobile" time="0.007"/>
</testsuite> <!-- TestNG_Annotations_4_Parameter_Project_1 -->
