<?xml version="1.0" encoding="UTF-8"?>
<!-- Generated by org.testng.reporters.JUnitReportReporter -->
<testsuite hostname="DESKTOP-1J6Q2U8" failures="0" tests="2" name="Priority_define_testcase" time="0.009" errors="0" timestamp="2025-05-23T12:28:17 IST" skipped="0">
  <testcase classname="Priority_define_testcase" name="getrequest2" time="0.007"/>
  <testcase classname="Priority_define_testcase" name="getrequest1" time="0.002"/>
</testsuite> <!-- Priority_define_testcase -->
