<?xml version="1.0" encoding="UTF-8"?>
<!-- Generated by org.testng.reporters.JUnitReportReporter -->
<testsuite hostname="DESKTOP-1J6Q2U8" failures="0" tests="2" name="Testcase23" time="0.008" errors="0" timestamp="2025-05-23T13:15:38 IST" skipped="0">
  <testcase classname="Testcase23" name="getrequest1" time="0.006"/>
  <testcase classname="Testcase23" name="getrequest2" time="0.002"/>
</testsuite> <!-- Testcase23 -->
