<?xml version="1.0" encoding="UTF-8"?>
<!-- Generated by org.testng.reporters.JUnitReportReporter -->
<testsuite hostname="DESKTOP-1J6Q2U8" failures="0" tests="2" name="GroupAttributes" time="0.010" errors="0" timestamp="2025-05-23T15:50:44 IST" skipped="0">
  <testcase classname="GroupAttributes" name="TATA" time="0.002"/>
  <testcase classname="GroupAttributes" name="Maruti" time="0.008"/>
</testsuite> <!-- GroupAttributes -->
