<?xml version="1.0" encoding="UTF-8"?>
<!-- Generated by org.testng.reporters.JUnitReportReporter -->
<testsuite hostname="DESKTOP-1J6Q2U8" failures="0" tests="3" name="TestNG_Annotations_4_Parameter" time="0.011" errors="0" timestamp="2025-05-23T16:46:12 IST" skipped="0">
  <testcase classname="TestNG_Annotations_4_Parameter" name="subtraction" time="0.002"/>
  <testcase classname="TestNG_Annotations_4_Parameter" name="multiplication" time="0.001"/>
  <testcase classname="TestNG_Annotations_4_Parameter" name="add" time="0.008"/>
</testsuite> <!-- TestNG_Annotations_4_Parameter -->
